2024-12-18 11:06:34,455 [INFO] Activator:177 - 


2024-12-18 11:06:34,457 [INFO] Activator:178 - !SESSION log4j initialized
2024-12-18 11:06:39,104 [INFO] McuFinderGlobals:39 - Set McuFinder mode to 2 (CubeIDE integrated)
2024-12-18 11:06:40,473 [INFO] ApplicationProperties:181 - Using Application install path: E:\STM32\STM32CubeIDE_1.7.0\STM32CubeIDE\plugins\com.st.stm32cube.common.mx_6.3.0.202107141111
2024-12-18 11:06:40,491 [INFO] DbMcusXml:74 - Set database path to: E:\STM32\STM32CubeIDE_1.7.0\STM32CubeIDE\plugins\com.st.stm32cube.common.mx_6.3.0.202107141111\\db\/mcu/
2024-12-18 11:06:40,496 [INFO] DbBoardsPdsc:56 - Set plugin database path to: E:\STM32\STM32CubeIDE_1.7.0\STM32CubeIDE\plugins\com.st.stm32cube.common.mx_6.3.0.202107141111\\db\/plugins/boardmanager/
2024-12-18 11:06:40,496 [INFO] DbMcus:258 - Set plugin images path to: E:\STM32\STM32CubeIDE_1.7.0\STM32CubeIDE\plugins\com.st.stm32cube.common.mx_6.3.0.202107141111\\db\/plugins/mcufinder/images/
2024-12-18 11:06:40,496 [INFO] DbBoards:264 - Set plugin images path to: E:\STM32\STM32CubeIDE_1.7.0\STM32CubeIDE\plugins\com.st.stm32cube.common.mx_6.3.0.202107141111\\db\/plugins/mcufinder/images/
2024-12-18 11:06:40,500 [INFO] DbExamples:333 - Set plugin images path to: E:\STM32\STM32CubeIDE_1.7.0\STM32CubeIDE\plugins\com.st.stm32cube.common.mx_6.3.0.202107141111\\db\/plugins/mcufinder/images/
2024-12-18 11:06:40,508 [INFO] DbMcusAds:119 - Set database path to: C:\Users\Administrator\.stmcufinder\plugins\mcufinder//mcu/
2024-12-18 11:06:40,510 [INFO] DbMcusDocs:110 - Set database path to: C:\Users\Administrator\.stmcufinder\plugins\mcufinder//mcu/
2024-12-18 11:06:40,512 [INFO] DbMcusJson:64 - Set database path to: C:\Users\Administrator\.stmcufinder\plugins\mcufinder//mcu/
2024-12-18 11:06:40,513 [INFO] DbBoardsDocs:110 - Set database path to: C:\Users\Administrator\.stmcufinder\plugins\mcufinder//mcu/
2024-12-18 11:06:40,515 [INFO] DbBoardsJson:57 - Set database path to: C:\Users\Administrator\.stmcufinder\plugins\mcufinder//mcu/
2024-12-18 11:06:40,520 [INFO] CrossReferenceDbSqlite:196 - Set database path to: C:\Users\Administrator\.stmcufinder\plugins\mcufinder//mcu/cs/
2024-12-18 11:06:40,523 [INFO] DbExamplesSqlite:767 - Set database path to: C:\Users\Administrator\.stmcufinder\plugins\mcufinder//mcu/
2024-12-18 11:06:40,641 [INFO] RulesReader:57 - Compatibility file has been processed (242 Rules)
2024-12-18 11:06:40,752 [INFO] DbMcusXml:74 - Set database path to: E:\STM32\STM32CubeIDE_1.7.0\STM32CubeIDE\plugins\com.st.stm32cube.common.mx_6.3.0.202107141111\\db\/mcu/
2024-12-18 11:06:40,753 [INFO] DbBoardsPdsc:56 - Set plugin database path to: E:\STM32\STM32CubeIDE_1.7.0\STM32CubeIDE\plugins\com.st.stm32cube.common.mx_6.3.0.202107141111\\db\/plugins/boardmanager/
2024-12-18 11:06:40,754 [INFO] DbMcus:258 - Set plugin images path to: E:\STM32\STM32CubeIDE_1.7.0\STM32CubeIDE\plugins\com.st.stm32cube.common.mx_6.3.0.202107141111\\db\/plugins/mcufinder/images/
2024-12-18 11:06:40,754 [INFO] DbBoards:264 - Set plugin images path to: E:\STM32\STM32CubeIDE_1.7.0\STM32CubeIDE\plugins\com.st.stm32cube.common.mx_6.3.0.202107141111\\db\/plugins/mcufinder/images/
2024-12-18 11:06:40,754 [INFO] DbExamples:333 - Set plugin images path to: E:\STM32\STM32CubeIDE_1.7.0\STM32CubeIDE\plugins\com.st.stm32cube.common.mx_6.3.0.202107141111\\db\/plugins/mcufinder/images/
2024-12-18 11:06:40,754 [WARN] DbFile:35 - Overriding database path with different value: C:\Users\Administrator\.stmcufinder\plugins\mcufinder/ => C:\Users\Administrator\.stmcufinder\plugins\mcufinder
2024-12-18 11:06:40,754 [INFO] DbMcusAds:119 - Set database path to: C:\Users\Administrator\.stmcufinder\plugins\mcufinder//mcu/
2024-12-18 11:06:40,754 [WARN] DbFile:35 - Overriding database path with different value: C:\Users\Administrator\.stmcufinder\plugins\mcufinder/ => C:\Users\Administrator\.stmcufinder\plugins\mcufinder
2024-12-18 11:06:40,754 [INFO] DbMcusDocs:110 - Set database path to: C:\Users\Administrator\.stmcufinder\plugins\mcufinder//mcu/
2024-12-18 11:06:40,754 [WARN] DbFile:35 - Overriding database path with different value: C:\Users\Administrator\.stmcufinder\plugins\mcufinder/ => C:\Users\Administrator\.stmcufinder\plugins\mcufinder
2024-12-18 11:06:40,754 [INFO] DbMcusJson:64 - Set database path to: C:\Users\Administrator\.stmcufinder\plugins\mcufinder//mcu/
2024-12-18 11:06:40,756 [WARN] DbFile:35 - Overriding database path with different value: C:\Users\Administrator\.stmcufinder\plugins\mcufinder/ => C:\Users\Administrator\.stmcufinder\plugins\mcufinder
2024-12-18 11:06:40,756 [INFO] DbBoardsDocs:110 - Set database path to: C:\Users\Administrator\.stmcufinder\plugins\mcufinder//mcu/
2024-12-18 11:06:40,756 [WARN] DbFile:35 - Overriding database path with different value: C:\Users\Administrator\.stmcufinder\plugins\mcufinder/ => C:\Users\Administrator\.stmcufinder\plugins\mcufinder
2024-12-18 11:06:40,756 [INFO] DbBoardsJson:57 - Set database path to: C:\Users\Administrator\.stmcufinder\plugins\mcufinder//mcu/
2024-12-18 11:06:40,756 [WARN] DbFile:35 - Overriding database path with different value: C:\Users\Administrator\.stmcufinder\plugins\mcufinder/ => C:\Users\Administrator\.stmcufinder\plugins\mcufinder
2024-12-18 11:06:40,757 [WARN] DbFile:35 - Overriding database path with different value: C:\Users\Administrator\.stmcufinder\plugins\mcufinder/ => C:\Users\Administrator\.stmcufinder\plugins\mcufinder
2024-12-18 11:06:40,757 [INFO] CrossReferenceDbSqlite:196 - Set database path to: C:\Users\Administrator\.stmcufinder\plugins\mcufinder//mcu/cs/
2024-12-18 11:06:40,757 [WARN] DbFile:35 - Overriding database path with different value: C:\Users\Administrator\.stmcufinder\plugins\mcufinder/ => C:\Users\Administrator\.stmcufinder\plugins\mcufinder
2024-12-18 11:06:40,757 [INFO] DbExamplesSqlite:767 - Set database path to: C:\Users\Administrator\.stmcufinder\plugins\mcufinder//mcu/
2024-12-18 11:06:40,842 [INFO] MainPanel:214 - HeapMemory: 268435456
2024-12-18 11:06:40,969 [INFO] DbMcusXml:74 - Set database path to: E:\STM32\STM32CubeIDE_1.7.0\STM32CubeIDE\plugins\com.st.stm32cube.common.mx_6.3.0.202107141111\\db\/mcu/
2024-12-18 11:06:40,969 [INFO] DbBoardsPdsc:56 - Set plugin database path to: E:\STM32\STM32CubeIDE_1.7.0\STM32CubeIDE\plugins\com.st.stm32cube.common.mx_6.3.0.202107141111\\db\/plugins/boardmanager/
2024-12-18 11:06:40,969 [INFO] DbMcus:258 - Set plugin images path to: E:\STM32\STM32CubeIDE_1.7.0\STM32CubeIDE\plugins\com.st.stm32cube.common.mx_6.3.0.202107141111\\db\/plugins/mcufinder/images/
2024-12-18 11:06:40,969 [INFO] DbBoards:264 - Set plugin images path to: E:\STM32\STM32CubeIDE_1.7.0\STM32CubeIDE\plugins\com.st.stm32cube.common.mx_6.3.0.202107141111\\db\/plugins/mcufinder/images/
2024-12-18 11:06:40,970 [INFO] DbExamples:333 - Set plugin images path to: E:\STM32\STM32CubeIDE_1.7.0\STM32CubeIDE\plugins\com.st.stm32cube.common.mx_6.3.0.202107141111\\db\/plugins/mcufinder/images/
2024-12-18 11:06:40,971 [WARN] DbFile:35 - Overriding database path with different value: C:\Users\Administrator\.stmcufinder\plugins\mcufinder/ => C:\Users\Administrator\.stmcufinder\plugins\mcufinder
2024-12-18 11:06:40,971 [INFO] DbMcusAds:119 - Set database path to: C:\Users\Administrator\.stmcufinder\plugins\mcufinder//mcu/
2024-12-18 11:06:40,971 [WARN] DbFile:35 - Overriding database path with different value: C:\Users\Administrator\.stmcufinder\plugins\mcufinder/ => C:\Users\Administrator\.stmcufinder\plugins\mcufinder
2024-12-18 11:06:40,971 [INFO] DbMcusDocs:110 - Set database path to: C:\Users\Administrator\.stmcufinder\plugins\mcufinder//mcu/
2024-12-18 11:06:40,971 [WARN] DbFile:35 - Overriding database path with different value: C:\Users\Administrator\.stmcufinder\plugins\mcufinder/ => C:\Users\Administrator\.stmcufinder\plugins\mcufinder
2024-12-18 11:06:40,972 [INFO] DbMcusJson:64 - Set database path to: C:\Users\Administrator\.stmcufinder\plugins\mcufinder//mcu/
2024-12-18 11:06:40,972 [WARN] DbFile:35 - Overriding database path with different value: C:\Users\Administrator\.stmcufinder\plugins\mcufinder/ => C:\Users\Administrator\.stmcufinder\plugins\mcufinder
2024-12-18 11:06:40,972 [INFO] DbBoardsDocs:110 - Set database path to: C:\Users\Administrator\.stmcufinder\plugins\mcufinder//mcu/
2024-12-18 11:06:40,972 [WARN] DbFile:35 - Overriding database path with different value: C:\Users\Administrator\.stmcufinder\plugins\mcufinder/ => C:\Users\Administrator\.stmcufinder\plugins\mcufinder
2024-12-18 11:06:40,972 [INFO] DbBoardsJson:57 - Set database path to: C:\Users\Administrator\.stmcufinder\plugins\mcufinder//mcu/
2024-12-18 11:06:40,972 [WARN] DbFile:35 - Overriding database path with different value: C:\Users\Administrator\.stmcufinder\plugins\mcufinder/ => C:\Users\Administrator\.stmcufinder\plugins\mcufinder
2024-12-18 11:06:40,972 [WARN] DbFile:35 - Overriding database path with different value: C:\Users\Administrator\.stmcufinder\plugins\mcufinder/ => C:\Users\Administrator\.stmcufinder\plugins\mcufinder
2024-12-18 11:06:40,972 [INFO] CrossReferenceDbSqlite:196 - Set database path to: C:\Users\Administrator\.stmcufinder\plugins\mcufinder//mcu/cs/
2024-12-18 11:06:40,972 [WARN] DbFile:35 - Overriding database path with different value: C:\Users\Administrator\.stmcufinder\plugins\mcufinder/ => C:\Users\Administrator\.stmcufinder\plugins\mcufinder
2024-12-18 11:06:40,972 [INFO] DbExamplesSqlite:767 - Set database path to: C:\Users\Administrator\.stmcufinder\plugins\mcufinder//mcu/
2024-12-18 11:06:41,004 [INFO] ApplicationProperties:181 - Using Application install path: E:\STM32\STM32CubeIDE_1.7.0\STM32CubeIDE\plugins\com.st.stm32cube.common.mx_6.3.0.202107141111
2024-12-18 11:06:41,006 [INFO] PluginManage:188 - Search for loadable plugins [exclusion list=, ]
2024-12-18 11:06:41,008 [INFO] PluginManage:302 - Check plugin analytics
2024-12-18 11:06:41,182 [INFO] AnalyticsPlugin:257 - Accepted Software Licenses: 
2024-12-18 11:06:41,182 [INFO] AnalyticsPlugin:259 - Accepted CMSIS Pack Licenses: 
2024-12-18 11:06:41,182 [INFO] AnalyticsPlugin:261 - Accepted Firmware Licenses: 
2024-12-18 11:06:41,183 [INFO] PluginManage:352 - Loaded plugin analytics (category:tool,tabindex:-1)
2024-12-18 11:06:41,183 [INFO] PluginManage:302 - Check plugin clock
2024-12-18 11:06:41,211 [INFO] PluginManage:352 - Loaded plugin clock (category:base,tabindex:2)
2024-12-18 11:06:41,211 [INFO] PluginManage:302 - Check plugin ddr
2024-12-18 11:06:41,216 [INFO] PluginManage:352 - Loaded plugin ddr (category:tool,tabindex:6)
2024-12-18 11:06:41,216 [INFO] PluginManage:302 - Check plugin filemanager
2024-12-18 11:06:41,361 [INFO] PluginManage:352 - Loaded plugin filemanager (category:base,tabindex:10)
2024-12-18 11:06:41,362 [INFO] PluginManage:302 - Check plugin ipmanager
2024-12-18 11:06:41,371 [INFO] PluginManage:352 - Loaded plugin ipmanager (category:base,tabindex:5)
2024-12-18 11:06:41,372 [INFO] PluginManage:302 - Check plugin pinoutandconfiguration
2024-12-18 11:06:41,392 [INFO] PluginManage:352 - Loaded plugin pinoutandconfiguration (category:base,tabindex:1)
2024-12-18 11:06:41,392 [INFO] PluginManage:302 - Check plugin pinoutconfig
2024-12-18 11:06:41,435 [INFO] PluginManage:352 - Loaded plugin pinoutconfig (category:base,tabindex:0)
2024-12-18 11:06:41,435 [INFO] PluginManage:302 - Check plugin power
2024-12-18 11:06:41,466 [INFO] PluginManage:352 - Loaded plugin power (category:power,tabindex:4)
2024-12-18 11:06:41,466 [INFO] PluginManage:302 - Check plugin projectmanager
2024-12-18 11:06:41,490 [INFO] PluginManage:352 - Loaded plugin projectmanager (category:projectmanager,tabindex:3)
2024-12-18 11:06:41,490 [INFO] PluginManage:302 - Check plugin thirdparty
2024-12-18 11:06:41,791 [INFO] PluginManage:352 - Loaded plugin thirdparty (category:base,tabindex:-1)
2024-12-18 11:06:41,792 [WARN] IntegrityCheckThread:78 - waiting for thirdparty lock release [integrity check]
2024-12-18 11:06:41,793 [INFO] IntegrityCheckThread:80 - entering critical section [integrity check]
2024-12-18 11:06:41,792 [INFO] PluginManage:302 - Check plugin tools
2024-12-18 11:06:41,794 [INFO] ThirdPartyUpdaterWithRetryManager:66 - Updater plugin not ready yet. [1/15]
2024-12-18 11:06:41,875 [INFO] PluginManage:352 - Loaded plugin tools (category:base,tabindex:7)
2024-12-18 11:06:41,876 [INFO] PluginManage:302 - Check plugin tutovideos
2024-12-18 11:06:42,195 [INFO] PluginManage:352 - Loaded plugin tutovideos (category:base,tabindex:-1)
2024-12-18 11:06:42,195 [INFO] PluginManage:302 - Check plugin updater
2024-12-18 11:06:42,216 [INFO] PluginManage:352 - Loaded plugin updater (category:base,tabindex:12)
2024-12-18 11:06:42,216 [INFO] PluginManage:275 - PluginManage : Loaded plugins [13]
2024-12-18 11:06:42,426 [INFO] PinOutPanel:1463 - setPackage(No Configuration,No Configuration)
2024-12-18 11:06:42,543 [INFO] IPUIPlugin:74 - create IPUIPlugin
2024-12-18 11:06:42,543 [INFO] PluginManager:213 - loadIPPluginJar : add adc
2024-12-18 11:06:42,604 [INFO] IPUIPlugin:74 - create IPUIPlugin
2024-12-18 11:06:42,604 [INFO] PluginManager:213 - loadIPPluginJar : add aes
2024-12-18 11:06:42,669 [INFO] IPUIPlugin:74 - create IPUIPlugin
2024-12-18 11:06:42,669 [INFO] PluginManager:213 - loadIPPluginJar : add can
2024-12-18 11:06:42,712 [INFO] IPUIPlugin:74 - create IPUIPlugin
2024-12-18 11:06:42,712 [INFO] PluginManager:213 - loadIPPluginJar : add comp
2024-12-18 11:06:42,764 [INFO] IPUIPlugin:74 - create IPUIPlugin
2024-12-18 11:06:42,764 [INFO] PluginManager:213 - loadIPPluginJar : add cryp
2024-12-18 11:06:42,819 [INFO] IPUIPlugin:74 - create IPUIPlugin
2024-12-18 11:06:42,819 [INFO] PluginManager:213 - loadIPPluginJar : add dfsdm
2024-12-18 11:06:42,836 [INFO] IPUIPlugin:74 - create IPUIPlugin
2024-12-18 11:06:42,838 [INFO] PluginManager:213 - loadIPPluginJar : add dma
2024-12-18 11:06:42,905 [INFO] IPUIPlugin:74 - create IPUIPlugin
2024-12-18 11:06:42,905 [INFO] PluginManager:213 - loadIPPluginJar : add dma3
2024-12-18 11:06:42,947 [INFO] IPUIPlugin:74 - create IPUIPlugin
2024-12-18 11:06:42,948 [INFO] PluginManager:213 - loadIPPluginJar : add fatfs
2024-12-18 11:06:43,024 [INFO] IPUIPlugin:74 - create IPUIPlugin
2024-12-18 11:06:43,024 [INFO] PluginManager:213 - loadIPPluginJar : add fmc
2024-12-18 11:06:43,044 [INFO] IPUIPlugin:74 - create IPUIPlugin
2024-12-18 11:06:43,045 [INFO] PluginManager:213 - loadIPPluginJar : add freertos
2024-12-18 11:06:43,087 [INFO] IPUIPlugin:74 - create IPUIPlugin
2024-12-18 11:06:43,087 [INFO] PluginManager:213 - loadIPPluginJar : add genericplugin
2024-12-18 11:06:43,215 [INFO] IPUIPlugin:74 - create IPUIPlugin
2024-12-18 11:06:43,215 [INFO] PluginManager:213 - loadIPPluginJar : add gfxmmu
2024-12-18 11:06:43,394 [INFO] IPUIPlugin:74 - create IPUIPlugin
2024-12-18 11:06:43,394 [INFO] PluginManager:213 - loadIPPluginJar : add gic
2024-12-18 11:06:43,409 [INFO] IPUIPlugin:74 - create IPUIPlugin
2024-12-18 11:06:43,409 [INFO] PluginManager:213 - loadIPPluginJar : add gpio
2024-12-18 11:06:43,513 [INFO] IPUIPlugin:74 - create IPUIPlugin
2024-12-18 11:06:43,513 [INFO] PluginManager:213 - loadIPPluginJar : add gtzc
2024-12-18 11:06:43,563 [INFO] IPUIPlugin:74 - create IPUIPlugin
2024-12-18 11:06:43,564 [INFO] PluginManager:213 - loadIPPluginJar : add hash
2024-12-18 11:06:43,648 [INFO] IPUIPlugin:74 - create IPUIPlugin
2024-12-18 11:06:43,648 [INFO] PluginManager:213 - loadIPPluginJar : add i2c
2024-12-18 11:06:43,720 [INFO] IPUIPlugin:74 - create IPUIPlugin
2024-12-18 11:06:43,721 [INFO] PluginManager:213 - loadIPPluginJar : add i2s
2024-12-18 11:06:43,739 [INFO] IPUIPlugin:74 - create IPUIPlugin
2024-12-18 11:06:43,740 [INFO] PluginManager:213 - loadIPPluginJar : add ipddr
2024-12-18 11:06:43,885 [INFO] IPUIPlugin:74 - create IPUIPlugin
2024-12-18 11:06:43,885 [INFO] PluginManager:213 - loadIPPluginJar : add linkedlist
2024-12-18 11:06:43,951 [INFO] IPUIPlugin:74 - create IPUIPlugin
2024-12-18 11:06:43,952 [INFO] PluginManager:213 - loadIPPluginJar : add lorawan
2024-12-18 11:06:44,035 [INFO] IPUIPlugin:74 - create IPUIPlugin
2024-12-18 11:06:44,035 [INFO] PluginManager:213 - loadIPPluginJar : add ltdc
2024-12-18 11:06:44,051 [INFO] IPUIPlugin:74 - create IPUIPlugin
2024-12-18 11:06:44,052 [INFO] PluginManager:213 - loadIPPluginJar : add mdma
2024-12-18 11:06:44,068 [INFO] IPUIPlugin:74 - create IPUIPlugin
2024-12-18 11:06:44,068 [INFO] PluginManager:213 - loadIPPluginJar : add nvic
2024-12-18 11:06:44,142 [INFO] IPUIPlugin:74 - create IPUIPlugin
2024-12-18 11:06:44,143 [INFO] PluginManager:213 - loadIPPluginJar : add opamp
2024-12-18 11:06:44,259 [INFO] IPUIPlugin:74 - create IPUIPlugin
2024-12-18 11:06:44,259 [INFO] PluginManager:213 - loadIPPluginJar : add openamp
2024-12-18 11:06:44,343 [INFO] IPUIPlugin:74 - create IPUIPlugin
2024-12-18 11:06:44,343 [INFO] PluginManager:213 - loadIPPluginJar : add pdm2pcm
2024-12-18 11:06:44,361 [INFO] IPUIPlugin:74 - create IPUIPlugin
2024-12-18 11:06:44,366 [INFO] PluginManager:213 - loadIPPluginJar : add plateformsettings
2024-12-18 11:06:44,417 [INFO] IPUIPlugin:74 - create IPUIPlugin
2024-12-18 11:06:44,418 [INFO] PluginManager:213 - loadIPPluginJar : add quadspi
2024-12-18 11:06:44,437 [INFO] IPUIPlugin:74 - create IPUIPlugin
2024-12-18 11:06:44,438 [INFO] PluginManager:213 - loadIPPluginJar : add resmgrutility
2024-12-18 11:06:44,527 [INFO] IPUIPlugin:74 - create IPUIPlugin
2024-12-18 11:06:44,528 [INFO] PluginManager:213 - loadIPPluginJar : add sai
2024-12-18 11:06:44,598 [INFO] IPUIPlugin:74 - create IPUIPlugin
2024-12-18 11:06:44,598 [INFO] PluginManager:213 - loadIPPluginJar : add spi
2024-12-18 11:06:44,694 [INFO] IPUIPlugin:74 - create IPUIPlugin
2024-12-18 11:06:44,694 [INFO] PluginManager:213 - loadIPPluginJar : add stm32_wpan
2024-12-18 11:06:44,750 [INFO] IPUIPlugin:74 - create IPUIPlugin
2024-12-18 11:06:44,751 [INFO] PluginManager:213 - loadIPPluginJar : add tim
2024-12-18 11:06:44,795 [INFO] ThirdPartyUpdaterWithRetryManager:66 - Updater plugin not ready yet. [2/15]
2024-12-18 11:06:44,853 [INFO] IPUIPlugin:74 - create IPUIPlugin
2024-12-18 11:06:44,853 [INFO] PluginManager:213 - loadIPPluginJar : add touchsensing
2024-12-18 11:06:44,905 [INFO] IPUIPlugin:74 - create IPUIPlugin
2024-12-18 11:06:44,905 [INFO] PluginManager:213 - loadIPPluginJar : add tracer_emb
2024-12-18 11:06:44,962 [INFO] IPUIPlugin:74 - create IPUIPlugin
2024-12-18 11:06:44,962 [INFO] PluginManager:213 - loadIPPluginJar : add ts
2024-12-18 11:06:45,017 [INFO] IPUIPlugin:74 - create IPUIPlugin
2024-12-18 11:06:45,017 [INFO] PluginManager:213 - loadIPPluginJar : add tsc
2024-12-18 11:06:45,068 [INFO] IPUIPlugin:74 - create IPUIPlugin
2024-12-18 11:06:45,068 [INFO] PluginManager:213 - loadIPPluginJar : add ucpd
2024-12-18 11:06:45,166 [INFO] IPUIPlugin:74 - create IPUIPlugin
2024-12-18 11:06:45,168 [INFO] PluginManager:213 - loadIPPluginJar : add usart
2024-12-18 11:06:45,271 [INFO] IPUIPlugin:74 - create IPUIPlugin
2024-12-18 11:06:45,271 [INFO] PluginManager:213 - loadIPPluginJar : add usbx
2024-12-18 11:06:45,598 [FATAL] Updater:294 - Updater called before beeing initialized
2024-12-18 11:06:45,717 [FATAL] Updater:294 - Updater called before beeing initialized
2024-12-18 11:06:45,729 [INFO] DbMcusAds:47 - JSON generation date=Fri Sep 20 20:04:23 ICT 2024 (1726837463113)
2024-12-18 11:06:45,729 [FATAL] Updater:294 - Updater called before beeing initialized
2024-12-18 11:06:45,821 [WARN] DetailPanel:314 - Failed to get advertising image, set to default
2024-12-18 11:06:45,908 [FATAL] Updater:294 - Updater called before beeing initialized
2024-12-18 11:06:45,911 [FATAL] Updater:294 - Updater called before beeing initialized
2024-12-18 11:06:45,911 [FATAL] Updater:294 - Updater called before beeing initialized
2024-12-18 11:06:45,911 [WARN] DetailPanel:314 - Failed to get advertising image, set to default
2024-12-18 11:06:45,912 [FATAL] Updater:294 - Updater called before beeing initialized
2024-12-18 11:06:45,968 [ERROR] Updater:1075 - MainUpdater not yet initialized. External WinMGr cannot be set.
2024-12-18 11:06:45,980 [INFO] Updater:1012 - Updater Version found : 6.3.0
2024-12-18 11:06:46,007 [INFO] ApplicationProperties:181 - Using Application install path: E:\STM32\STM32CubeIDE_1.7.0\STM32CubeIDE\plugins\com.st.stm32cube.common.mx_6.3.0.202107141111
2024-12-18 11:06:47,148 [INFO] MainUpdater:2671 - connection check result : 10
2024-12-18 11:06:47,149 [INFO] MainUpdater:3359 - Updater definition file requires update
2024-12-18 11:06:47,150 [INFO] MainUpdater:265 - Updater Check For Update Now.
2024-12-18 11:06:47,150 [INFO] MicroXplorer:478 - Change Database Version : DB.6.0.30
2024-12-18 11:06:47,361 [INFO] ServerAccessManage:362 - Download File updaters.zip
2024-12-18 11:06:47,501 [INFO] FileExtend:235 - Unzip File : updaters.zip
2024-12-18 11:06:47,501 [INFO] FileExtend:250 - Standard Zip Deflate
2024-12-18 11:06:47,801 [WARN] MainUpdater:1122 - Updater busy. Cannot search thirdparties
2024-12-18 11:06:47,802 [INFO] ThirdPartyUpdaterWithRetryManager:92 - Updater plugin is busy. [1/15]
2024-12-18 11:06:48,561 [INFO] ServerAccessManage:362 - Download File PacksControlFlags.xml
2024-12-18 11:06:48,819 [INFO] ServerAccessManage:362 - Download File cubemx.pidx
2024-12-18 11:06:49,780 [INFO] ServerAccessManage:362 - Download File STMicroelectronics.X-CUBE-GNSS1.pdsc
2024-12-18 11:06:50,803 [WARN] MainUpdater:1122 - Updater busy. Cannot search thirdparties
2024-12-18 11:06:50,803 [INFO] ThirdPartyUpdaterWithRetryManager:92 - Updater plugin is busy. [2/15]
2024-12-18 11:06:52,353 [ERROR] ServerAccessManage:974 - Problem, file not found on Server
2024-12-18 11:06:53,209 [ERROR] ServerAccessManage:974 - Problem, file not found on Server
2024-12-18 11:06:53,507 [ERROR] ServerAccessManage:974 - Problem, file not found on Server
2024-12-18 11:06:53,803 [WARN] MainUpdater:1122 - Updater busy. Cannot search thirdparties
2024-12-18 11:06:53,803 [INFO] ThirdPartyUpdaterWithRetryManager:92 - Updater plugin is busy. [3/15]
2024-12-18 11:06:54,278 [ERROR] ServerAccessManage:974 - Problem, file not found on Server
2024-12-18 11:06:55,042 [ERROR] ServerAccessManage:974 - Problem, file not found on Server
2024-12-18 11:06:55,364 [ERROR] ServerAccessManage:974 - Problem, file not found on Server
2024-12-18 11:06:55,673 [INFO] ServerAccessManage:362 - Download File STMicroelectronics.X-CUBE-MEMS1.pdsc
2024-12-18 11:06:56,803 [WARN] MainUpdater:1122 - Updater busy. Cannot search thirdparties
2024-12-18 11:06:56,803 [INFO] ThirdPartyUpdaterWithRetryManager:92 - Updater plugin is busy. [4/15]
2024-12-18 11:06:57,275 [INFO] MainUpdater:2671 - connection check result : 10
2024-12-18 11:06:59,804 [WARN] MainUpdater:1122 - Updater busy. Cannot search thirdparties
2024-12-18 11:06:59,804 [INFO] ThirdPartyUpdaterWithRetryManager:92 - Updater plugin is busy. [5/15]
2024-12-18 11:07:00,540 [INFO] ServerAccessManage:362 - Download File STMicroelectronics.X-CUBE-TCPP.pdsc
2024-12-18 11:07:01,863 [WARN] PackLoader:238 - Cannot read IP mode file for STMicroelectronics.X-CUBE-GNSS1.7.0.1
2024-12-18 11:07:01,938 [WARN] PackLoader:238 - Cannot read IP mode file for STMicroelectronics.X-CUBE-MEMS1.11.1.0
2024-12-18 11:07:01,985 [INFO] CheckServerUpdateThread:112 - End of CheckServer Thread
2024-12-18 11:07:02,039 [INFO] McuFinderGlobals:52 - Set McuFinderConnectedMode to true
2024-12-18 11:07:02,151 [WARN] PopulateThirdPartyThread:100 - Error when creating pack: C:/Users/Administrator/.stm32cubemx/thirdparties/pdsc/STMicroelectronics.X-CUBE-TCPP.pdsc
2024-12-18 11:07:02,151 [INFO] PopulateThirdPartyThread:60 - Ending populate Thread
2024-12-18 11:07:02,152 [INFO] ThirdParty:967 - CMSIS Pack Vendor :STMicroelectronics X-CUBE-GNSS1 7.0.1
2024-12-18 11:07:02,152 [INFO] ThirdParty:967 - CMSIS Pack Vendor :STMicroelectronics X-CUBE-MEMS1 11.1.0
2024-12-18 11:07:02,152 [INFO] LoadServerUpdatesThread:339 - End of LoadServerUpdate Thread
2024-12-18 11:07:02,287 [INFO] ServerAccessManage:362 - Download File mcusAds.json._tmp_
2024-12-18 11:07:02,395 [INFO] LoadUrlFilesThread:145 - End of LoadUrlFiles Thread
2024-12-18 11:07:02,804 [WARN] MainUpdater:1122 - Updater busy. Cannot search thirdparties
2024-12-18 11:07:02,804 [INFO] ThirdPartyUpdaterWithRetryManager:92 - Updater plugin is busy. [6/15]
2024-12-18 11:07:03,311 [INFO] ServerAccessManage:362 - Download File mcusDocs.json._tmp_
2024-12-18 11:07:03,962 [INFO] LoadUrlFilesThread:145 - End of LoadUrlFiles Thread
2024-12-18 11:07:04,162 [INFO] ServerAccessManage:362 - Download File mcusFeaturesAndDescription.json._tmp_
2024-12-18 11:07:05,805 [WARN] MainUpdater:1122 - Updater busy. Cannot search thirdparties
2024-12-18 11:07:05,805 [INFO] ThirdPartyUpdaterWithRetryManager:92 - Updater plugin is busy. [7/15]
2024-12-18 11:07:07,798 [INFO] LoadUrlFilesThread:145 - End of LoadUrlFiles Thread
2024-12-18 11:07:08,245 [INFO] ServerAccessManage:362 - Download File boardsDocs.json._tmp_
2024-12-18 11:07:08,366 [INFO] LoadUrlFilesThread:145 - End of LoadUrlFiles Thread
2024-12-18 11:07:08,560 [INFO] ServerAccessManage:362 - Download File boards.json._tmp_
2024-12-18 11:07:08,806 [WARN] MainUpdater:1122 - Updater busy. Cannot search thirdparties
2024-12-18 11:07:08,806 [INFO] ThirdPartyUpdaterWithRetryManager:92 - Updater plugin is busy. [8/15]
2024-12-18 11:07:09,438 [INFO] LoadUrlFilesThread:145 - End of LoadUrlFiles Thread
2024-12-18 11:07:09,592 [INFO] ServerAccessManage:362 - Download File cube-finder-db.zip
2024-12-18 11:07:11,807 [WARN] MainUpdater:1122 - Updater busy. Cannot search thirdparties
2024-12-18 11:07:11,807 [INFO] ThirdPartyUpdaterWithRetryManager:92 - Updater plugin is busy. [9/15]
2024-12-18 11:07:14,807 [WARN] MainUpdater:1122 - Updater busy. Cannot search thirdparties
2024-12-18 11:07:14,807 [INFO] ThirdPartyUpdaterWithRetryManager:92 - Updater plugin is busy. [10/15]
2024-12-18 11:07:17,808 [WARN] MainUpdater:1122 - Updater busy. Cannot search thirdparties
2024-12-18 11:07:17,808 [INFO] ThirdPartyUpdaterWithRetryManager:92 - Updater plugin is busy. [11/15]
2024-12-18 11:07:20,808 [WARN] MainUpdater:1122 - Updater busy. Cannot search thirdparties
2024-12-18 11:07:20,808 [INFO] ThirdPartyUpdaterWithRetryManager:92 - Updater plugin is busy. [12/15]
2024-12-18 11:07:22,106 [INFO] FileExtend:235 - Unzip File : cube-finder-db.zip
2024-12-18 11:07:22,107 [INFO] FileExtend:250 - Standard Zip Deflate
2024-12-18 11:07:23,440 [INFO] LoadUrlFilesThread:145 - End of LoadUrlFiles Thread
2024-12-18 11:07:23,809 [WARN] MainUpdater:1122 - Updater busy. Cannot search thirdparties
2024-12-18 11:07:23,809 [INFO] ThirdPartyUpdaterWithRetryManager:92 - Updater plugin is busy. [13/15]
2024-12-18 11:07:24,480 [INFO] ServerAccessManage:362 - Download File crdb.zip
2024-12-18 11:07:25,891 [INFO] FileExtend:235 - Unzip File : crdb.zip
2024-12-18 11:07:25,891 [INFO] FileExtend:250 - Standard Zip Deflate
2024-12-18 11:07:26,028 [INFO] LoadUrlFilesThread:145 - End of LoadUrlFiles Thread
2024-12-18 11:07:26,110 [INFO] ServerAccessManage:362 - Download File tutoVideoDB.zip
2024-12-18 11:07:26,144 [INFO] FileExtend:235 - Unzip File : tutoVideoDB.zip
2024-12-18 11:07:26,144 [INFO] FileExtend:250 - Standard Zip Deflate
2024-12-18 11:07:26,266 [INFO] LoadUrlFilesThread:145 - End of LoadUrlFiles Thread
2024-12-18 11:07:26,266 [INFO] DbMcusAds:47 - JSON generation date=Tue Dec 17 23:01:15 ICT 2024 (1734451275196)
2024-12-18 11:07:26,280 [INFO] DbMcusDocs:143 - JSON generation date=Tue Nov 16 23:17:54 ICT 2021 (1637079474)
2024-12-18 11:07:26,281 [INFO] DbMcusXml:100 - Load MCU database from E:\STM32\STM32CubeIDE_1.7.0\STM32CubeIDE\plugins\com.st.stm32cube.common.mx_6.3.0.202107141111\\db\/mcu/families.xml
2024-12-18 11:07:26,958 [WARN] PackLoader:238 - Cannot read IP mode file for STMicroelectronics.X-CUBE-GNSS1.6.0.0
2024-12-18 11:07:26,964 [WARN] PackLoader:238 - Cannot read IP mode file for STMicroelectronics.FP-ATR-ASTRA1.2.0.1
2024-12-18 11:07:26,984 [WARN] PackLoader:238 - Cannot read IP mode file for STMicroelectronics.X-CUBE-WB05N.1.1.0
2024-12-18 11:07:27,004 [WARN] PackLoader:238 - Cannot read IP mode file for STMicroelectronics.X-CUBE-ISPU.2.1.0
2024-12-18 11:07:27,018 [ERROR] Engine:463 - C:\Users\Administrator\.stm32cubemx\thirdparties\pdsc\STMicroelectronics.X-CUBE-FREERTOS.1.2.0.pdsc: PDSC version is not supported
2024-12-18 11:07:27,073 [INFO] DbMcusJson:93 - JSON generation date=Tue Nov 16 23:17:54 ICT 2021 (1637079474)
2024-12-18 11:07:27,105 [WARN] PackLoader:238 - Cannot read IP mode file for STMicroelectronics.X-CUBE-MEMS1.11.0.0
2024-12-18 11:07:27,274 [WARN] PackLoader:238 - Cannot read IP mode file for STMicroelectronics.X-CUBE-AI.9.0.0
2024-12-18 11:07:27,291 [WARN] PackLoader:238 - Cannot read IP mode file for STMicroelectronics.X-CUBE-NFC10.1.0.0
2024-12-18 11:07:27,308 [ERROR] Engine:463 - C:\Users\Administrator\.stm32cubemx\thirdparties\pdsc\STMicroelectronics.X-CUBE-BLEMGR.4.0.0.pdsc: PDSC version is not supported
2024-12-18 11:07:27,320 [ERROR] Engine:463 - C:\Users\Administrator\.stm32cubemx\thirdparties\pdsc\emotas.I-CUBE-CANOPEN.1.3.0.pdsc: PDSC version is not supported
2024-12-18 11:07:27,332 [ERROR] Engine:463 - C:\Users\Administrator\.stm32cubemx\thirdparties\pdsc\STMicroelectronics.X-CUBE-FREERTOS.1.3.0.pdsc: PDSC version is not supported
2024-12-18 11:07:27,346 [ERROR] Engine:463 - C:\Users\Administrator\.stm32cubemx\thirdparties\pdsc\STMicroelectronics.X-CUBE-BLEMGR.3.1.0.pdsc: PDSC version is not supported
2024-12-18 11:07:27,482 [WARN] PackLoader:238 - Cannot read IP mode file for STMicroelectronics.X-CUBE-MEMS1.11.1.0
2024-12-18 11:07:27,667 [WARN] PackLoader:238 - Cannot read IP mode file for WES.I-CUBE-Cesium.1.3.0
2024-12-18 11:07:27,685 [WARN] PackLoader:238 - Cannot read IP mode file for STMicroelectronics.X-CUBE-NFC9.1.0.0
2024-12-18 11:07:27,702 [ERROR] Engine:463 - C:\Users\Administrator\.stm32cubemx\thirdparties\pdsc\STMicroelectronics.X-CUBE-TCPP.4.1.0.pdsc: PDSC version is not supported
2024-12-18 11:07:27,722 [ERROR] Engine:463 - C:\Users\Administrator\.stm32cubemx\thirdparties\pdsc\STMicroelectronics.X-CUBE-IPS.3.0.0.pdsc: PDSC version is not supported
2024-12-18 11:07:27,740 [WARN] PackLoader:238 - Cannot read IP mode file for STMicroelectronics.X-CUBE-GNSS1.7.0.0
2024-12-18 11:07:27,746 [WARN] PackLoader:238 - Cannot read IP mode file for STMicroelectronics.X-CUBE-GNSS1.7.0.1
2024-12-18 11:07:27,752 [INFO] DbMcus:175 - Found 1951 MCUs (1903 are supported by CubeMX, 1914 are visible in CubeMX)
2024-12-18 11:07:27,754 [INFO] ApiDb:251 - Load user favorites file C:\Users\Administrator/.stm32cubeide/favorites.mcus.txt: 0 item(s)
2024-12-18 11:07:27,754 [INFO] ApiDb:255 - User favorites MCUs=[]
2024-12-18 11:07:27,754 [INFO] DbMcus:187 - Set 0 / 0 favorites MCUs
2024-12-18 11:07:27,765 [ERROR] Engine:463 - C:\Users\Administrator\.stm32cubemx\thirdparties\pdsc\EmbeddedOffice.I-CUBE-FS-RTOS.1.0.1.pdsc: PDSC version is not supported
2024-12-18 11:07:27,769 [ERROR] Engine:463 - C:\Users\Administrator\.stm32cubemx\thirdparties\pdsc\Cesanta.I-CUBE-Mongoose.7.13.0.pdsc: PDSC version is not supported
2024-12-18 11:07:27,772 [ERROR] Engine:463 - C:\Users\Administrator\.stm32cubemx\thirdparties\pdsc\STMicroelectronics.X-CUBE-TCPP.4.2.0.pdsc: PDSC version is not supported
2024-12-18 11:07:27,776 [ERROR] Engine:463 - C:\Users\Administrator\.stm32cubemx\thirdparties\pdsc\quantropi.X-CUBE-qispace-sdk-base.1.9.3.pdsc: PDSC version is not supported
2024-12-18 11:07:27,795 [WARN] PackLoader:238 - Cannot read IP mode file for STMicroelectronics.X-CUBE-ISPU.2.0.0
2024-12-18 11:07:27,814 [WARN] PackLoader:238 - Cannot read IP mode file for STMicroelectronics.X-CUBE-TOUCHGFX.4.24.0
2024-12-18 11:07:27,834 [ERROR] Engine:463 - C:\Users\Administrator\.stm32cubemx\thirdparties\pdsc\ITTIA_DB.I-CUBE-ITTIADB.8.9.0.pdsc: PDSC version is not supported
2024-12-18 11:07:27,858 [WARN] PackLoader:238 - Cannot read IP mode file for STMicroelectronics.X-CUBE-TOUCHGFX.4.24.1
2024-12-18 11:07:27,878 [WARN] PackLoader:238 - Cannot read IP mode file for STMicroelectronics.FP-ATR-ASTRA1.2.0.0
2024-12-18 11:07:27,902 [WARN] PackLoader:238 - Cannot read IP mode file for STMicroelectronics.X-CUBE-AI.9.1.0
2024-12-18 11:07:27,944 [ERROR] Engine:463 - C:\Users\Administrator\.stm32cubemx\thirdparties\pdsc\Infineon.AIROC-Wi-Fi-Bluetooth-STM32.1.6.1.pdsc: PDSC version is not supported
2024-12-18 11:07:27,944 [INFO] ThirdParty:915 - Integrity check success = true
2024-12-18 11:07:27,944 [INFO] IntegrityCheckThread:94 - exiting critical section [integrity check]
2024-12-18 11:07:27,944 [INFO] IntegrityCheckThread:97 - End integrity checks thread
2024-12-18 11:07:28,493 [INFO] DbMcusDocs:79 - Found 682 MCUs documents
2024-12-18 11:07:28,496 [INFO] ApiDb:276 - Save user favorites file C:\Users\Administrator/.stm32cubeide/favorites.mcus.txt: 0 item(s)
2024-12-18 11:07:28,496 [INFO] ApiDb:280 - User favorites MCUs=[]
2024-12-18 11:07:28,496 [INFO] DbMcusXml:100 - Load MCU database from E:\STM32\STM32CubeIDE_1.7.0\STM32CubeIDE\plugins\com.st.stm32cube.common.mx_6.3.0.202107141111\\db\/mcu/families.xml
2024-12-18 11:07:29,251 [INFO] DbMcusJson:93 - JSON generation date=Tue Nov 16 23:17:54 ICT 2021 (1637079474)
2024-12-18 11:07:29,801 [INFO] DbMcus:175 - Found 1951 MCUs (1903 are supported by CubeMX, 1914 are visible in CubeMX)
2024-12-18 11:07:29,802 [INFO] ApiDb:251 - Load user favorites file C:\Users\Administrator/.stm32cubeide/favorites.mcus.txt: 0 item(s)
2024-12-18 11:07:29,802 [INFO] ApiDb:255 - User favorites MCUs=[]
2024-12-18 11:07:29,802 [INFO] DbMcus:187 - Set 0 / 0 favorites MCUs
2024-12-18 11:07:29,810 [INFO] DbBoardsDocs:143 - JSON generation date=Tue Nov 16 23:17:54 ICT 2021 (1637079474)
2024-12-18 11:07:29,836 [INFO] DbBoardsPdsc:90 - Found 25 items
2024-12-18 11:07:29,851 [INFO] DbBoardsPdsc:90 - Found 9 items
2024-12-18 11:07:29,866 [INFO] DbBoardsPdsc:90 - Found 33 items
2024-12-18 11:07:29,877 [INFO] DbBoardsPdsc:90 - Found 1 items
2024-12-18 11:07:29,894 [INFO] DbBoardsPdsc:90 - Found 48 items
2024-12-18 11:07:29,912 [INFO] DbBoardsPdsc:90 - Found 43 items
2024-12-18 11:07:29,923 [INFO] DbBoardsPdsc:90 - Found 2 items
2024-12-18 11:07:29,936 [INFO] DbBoardsPdsc:90 - Found 5 items
2024-12-18 11:07:29,941 [WARN] DbBoardsPdsc:254 - Board STM32H7B3I-DK: unknown feature type=Audio, name=, username=Audio stereo codec with Headphone Amp (CS42L51-CNZ), n=1
2024-12-18 11:07:29,941 [WARN] DbBoardsPdsc:254 - Board STM32H735G-DK: unknown feature type=Audio, name=, username=Audio stereo codec with Headphone Amp (WM8994ECS/R), n=1
2024-12-18 11:07:29,942 [WARN] DbBoardsPdsc:254 - Board STM32H7B3I-EVAL: unknown feature type=Audio, name=, username=Multi-Channel Audio Codec (CS42L51-CNZ), n=1
2024-12-18 11:07:29,942 [WARN] DbBoardsPdsc:254 - Board STM32H7B3I-EVAL: unknown feature type=Meter, name=, username=Power-metering and Temperature-monitoring with sigma-delta modulators, n=1
2024-12-18 11:07:29,942 [WARN] DbBoardsPdsc:254 - Board STM32H7B3I-EVAL: unknown feature type=Motor, name=, username=Motor Control, n=1
2024-12-18 11:07:29,943 [WARN] DbBoardsPdsc:254 - Board STM32U575I-EV: unknown feature type=joystick, name=, username=4-direction joystick with selection button, n=1
2024-12-18 11:07:29,960 [INFO] DbBoardsJson:86 - JSON generation date=Tue Nov 16 23:17:54 ICT 2021 (1637079474)
2024-12-18 11:07:29,967 [INFO] DbBoards:117 - Found 167 boards (163 are supported by CubeMX)
2024-12-18 11:07:29,969 [INFO] DbBoardsDocs:143 - JSON generation date=Tue Nov 16 23:17:54 ICT 2021 (1637079474)
2024-12-18 11:07:29,971 [INFO] DbBoardsDocs:79 - Found 209 boards documents
2024-12-18 11:07:29,972 [WARN] DbBoards:127 - board B-L475E-IOT01A2 has no document id list !
2024-12-18 11:07:29,973 [WARN] DbBoards:127 - board NUCLEO-H743ZI has no document id list !
2024-12-18 11:07:29,974 [WARN] DbBoards:127 - board NUCLEO-WL55JC2 has no document id list !
2024-12-18 11:07:29,974 [WARN] DbBoards:127 - board P-NUCLEO-WB55-Nucleo has no document id list !
2024-12-18 11:07:29,974 [WARN] DbBoards:127 - board P-NUCLEO-WB55-USBDongle has no document id list !
2024-12-18 11:07:29,974 [WARN] DbBoards:127 - board STEVAL-BFA001V1B has no document id list !
2024-12-18 11:07:29,974 [WARN] DbBoards:127 - board STEVAL-BFA001V2B has no document id list !
2024-12-18 11:07:29,974 [WARN] DbBoards:127 - board STEVAL-IDP005V1 has no document id list !
2024-12-18 11:07:29,974 [WARN] DbBoards:127 - board STEVAL-IDP005V2 has no document id list !
2024-12-18 11:07:29,974 [WARN] DbBoards:127 - board STEVAL-MKSBOX1V1 has no document id list !
2024-12-18 11:07:29,974 [WARN] DbBoards:127 - board STEVAL-STWINKT1 has no document id list !
2024-12-18 11:07:29,974 [WARN] DbBoards:127 - board STEVAL-STWINKT1B has no document id list !
2024-12-18 11:07:29,974 [WARN] DbBoards:127 - board STM32439I-EVAL2 has no document id list !
2024-12-18 11:07:29,976 [WARN] DbBoards:127 - board STM32F401C-DISCO has no document id list !
2024-12-18 11:07:29,976 [WARN] DbBoards:127 - board STM32F769I-DISC1 has no document id list !
2024-12-18 11:07:29,976 [WARN] DbBoards:127 - board STM32G474E-EVAL1 has no document id list !
2024-12-18 11:07:29,977 [WARN] DbBoards:127 - board STM32H743I-EVAL2 has no document id list !
2024-12-18 11:07:29,977 [WARN] DbBoards:127 - board STM32H747I-DISC1 has no document id list !
2024-12-18 11:07:29,977 [WARN] DbBoards:127 - board STM32H753I-EVAL2 has no document id list !
2024-12-18 11:07:29,977 [WARN] DbBoards:127 - board STM32L-DISCOVERY has no document id list !
2024-12-18 11:07:30,156 [ERROR] DbBoards:189 - Image file not found for board B-U585I-IOT02A: E:\STM32\STM32CubeIDE_1.7.0\STM32CubeIDE\plugins\com.st.stm32cube.common.mx_6.3.0.202107141111\\db\/plugins/mcufinder/images/boards/B-U585I-IOT02A_small.jpg
2024-12-18 11:07:30,342 [ERROR] DbBoards:189 - Image file not found for board NUCLEO-F413ZH: E:\STM32\STM32CubeIDE_1.7.0\STM32CubeIDE\plugins\com.st.stm32cube.common.mx_6.3.0.202107141111\\db\/plugins/mcufinder/images/boards/nucleo-f413zh_small.jpg
2024-12-18 11:07:30,560 [ERROR] DbBoards:189 - Image file not found for board NUCLEO-L552ZE-Q: E:\STM32\STM32CubeIDE_1.7.0\STM32CubeIDE\plugins\com.st.stm32cube.common.mx_6.3.0.202107141111\\db\/plugins/mcufinder/images/boards/nucleo_l552ze_q_small.jpg
2024-12-18 11:07:30,561 [ERROR] DbBoards:189 - Image file not found for board NUCLEO-U575ZI-Q: E:\STM32\STM32CubeIDE_1.7.0\STM32CubeIDE\plugins\com.st.stm32cube.common.mx_6.3.0.202107141111\\db\/plugins/mcufinder/images/boards/nucleo-u575zi-q_small.jpg
2024-12-18 11:07:30,561 [ERROR] DbBoards:189 - Image file not found for board NUCLEO-WB15CC: E:\STM32\STM32CubeIDE_1.7.0\STM32CubeIDE\plugins\com.st.stm32cube.common.mx_6.3.0.202107141111\\db\/plugins/mcufinder/images/boards/nucleo-wb15cc_small.jpg
2024-12-18 11:07:30,561 [ERROR] DbBoards:189 - Image file not found for board NUCLEO-WB55RG: E:\STM32\STM32CubeIDE_1.7.0\STM32CubeIDE\plugins\com.st.stm32cube.common.mx_6.3.0.202107141111\\db\/plugins/mcufinder/images/boards/nucleo-wb55rg_small.jpg
2024-12-18 11:07:31,241 [INFO] MainUpdater:2671 - connection check result : 10
2024-12-18 11:07:32,473 [INFO] ApiDb:251 - Load user favorites file C:\Users\Administrator/.stm32cubeide/favorites.boards.txt: 0 item(s)
2024-12-18 11:07:32,473 [INFO] ApiDb:255 - User favorites Boards=[]
2024-12-18 11:07:32,473 [INFO] DbBoards:206 - Set 0 / 0 favorites Boards
2024-12-18 11:07:32,477 [INFO] DbBoardsDocs:79 - Found 418 boards documents
2024-12-18 11:07:32,478 [INFO] ApiDb:276 - Save user favorites file C:\Users\Administrator/.stm32cubeide/favorites.boards.txt: 0 item(s)
2024-12-18 11:07:32,478 [INFO] ApiDb:280 - User favorites Boards=[]
2024-12-18 11:07:32,480 [INFO] DbBoardsPdsc:90 - Found 25 items
2024-12-18 11:07:32,482 [INFO] DbBoardsPdsc:90 - Found 9 items
2024-12-18 11:07:32,484 [INFO] DbBoardsPdsc:90 - Found 33 items
2024-12-18 11:07:32,485 [INFO] DbBoardsPdsc:90 - Found 1 items
2024-12-18 11:07:32,488 [INFO] DbBoardsPdsc:90 - Found 48 items
2024-12-18 11:07:32,493 [INFO] DbBoardsPdsc:90 - Found 43 items
2024-12-18 11:07:32,494 [INFO] DbBoardsPdsc:90 - Found 2 items
2024-12-18 11:07:32,496 [INFO] DbBoardsPdsc:90 - Found 5 items
2024-12-18 11:07:32,498 [WARN] DbBoardsPdsc:254 - Board STM32H7B3I-DK: unknown feature type=Audio, name=, username=Audio stereo codec with Headphone Amp (CS42L51-CNZ), n=1
2024-12-18 11:07:32,498 [WARN] DbBoardsPdsc:254 - Board STM32H735G-DK: unknown feature type=Audio, name=, username=Audio stereo codec with Headphone Amp (WM8994ECS/R), n=1
2024-12-18 11:07:32,499 [WARN] DbBoardsPdsc:254 - Board STM32H7B3I-EVAL: unknown feature type=Audio, name=, username=Multi-Channel Audio Codec (CS42L51-CNZ), n=1
2024-12-18 11:07:32,499 [WARN] DbBoardsPdsc:254 - Board STM32H7B3I-EVAL: unknown feature type=Meter, name=, username=Power-metering and Temperature-monitoring with sigma-delta modulators, n=1
2024-12-18 11:07:32,499 [WARN] DbBoardsPdsc:254 - Board STM32H7B3I-EVAL: unknown feature type=Motor, name=, username=Motor Control, n=1
2024-12-18 11:07:32,500 [WARN] DbBoardsPdsc:254 - Board STM32U575I-EV: unknown feature type=joystick, name=, username=4-direction joystick with selection button, n=1
2024-12-18 11:07:32,515 [INFO] DbBoardsJson:86 - JSON generation date=Tue Nov 16 23:17:54 ICT 2021 (1637079474)
2024-12-18 11:07:32,520 [INFO] DbBoards:117 - Found 167 boards (163 are supported by CubeMX)
2024-12-18 11:07:32,520 [WARN] DbBoards:127 - board B-L475E-IOT01A2 has no document id list !
2024-12-18 11:07:32,521 [WARN] DbBoards:127 - board NUCLEO-H743ZI has no document id list !
2024-12-18 11:07:32,521 [WARN] DbBoards:127 - board NUCLEO-WL55JC2 has no document id list !
2024-12-18 11:07:32,521 [WARN] DbBoards:127 - board P-NUCLEO-WB55-Nucleo has no document id list !
2024-12-18 11:07:32,521 [WARN] DbBoards:127 - board P-NUCLEO-WB55-USBDongle has no document id list !
2024-12-18 11:07:32,521 [WARN] DbBoards:127 - board STEVAL-BFA001V1B has no document id list !
2024-12-18 11:07:32,522 [WARN] DbBoards:127 - board STEVAL-BFA001V2B has no document id list !
2024-12-18 11:07:32,522 [WARN] DbBoards:127 - board STEVAL-IDP005V1 has no document id list !
2024-12-18 11:07:32,522 [WARN] DbBoards:127 - board STEVAL-IDP005V2 has no document id list !
2024-12-18 11:07:32,522 [WARN] DbBoards:127 - board STEVAL-MKSBOX1V1 has no document id list !
2024-12-18 11:07:32,522 [WARN] DbBoards:127 - board STEVAL-STWINKT1 has no document id list !
2024-12-18 11:07:32,522 [WARN] DbBoards:127 - board STEVAL-STWINKT1B has no document id list !
2024-12-18 11:07:32,522 [WARN] DbBoards:127 - board STM32439I-EVAL2 has no document id list !
2024-12-18 11:07:32,522 [WARN] DbBoards:127 - board STM32F401C-DISCO has no document id list !
2024-12-18 11:07:32,522 [WARN] DbBoards:127 - board STM32F769I-DISC1 has no document id list !
2024-12-18 11:07:32,522 [WARN] DbBoards:127 - board STM32G474E-EVAL1 has no document id list !
2024-12-18 11:07:32,522 [WARN] DbBoards:127 - board STM32H743I-EVAL2 has no document id list !
2024-12-18 11:07:32,522 [WARN] DbBoards:127 - board STM32H747I-DISC1 has no document id list !
2024-12-18 11:07:32,522 [WARN] DbBoards:127 - board STM32H753I-EVAL2 has no document id list !
2024-12-18 11:07:32,522 [WARN] DbBoards:127 - board STM32L-DISCOVERY has no document id list !
2024-12-18 11:07:32,598 [ERROR] DbBoards:189 - Image file not found for board B-U585I-IOT02A: E:\STM32\STM32CubeIDE_1.7.0\STM32CubeIDE\plugins\com.st.stm32cube.common.mx_6.3.0.202107141111\\db\/plugins/mcufinder/images/boards/B-U585I-IOT02A_small.jpg
2024-12-18 11:07:32,680 [ERROR] DbBoards:189 - Image file not found for board NUCLEO-F413ZH: E:\STM32\STM32CubeIDE_1.7.0\STM32CubeIDE\plugins\com.st.stm32cube.common.mx_6.3.0.202107141111\\db\/plugins/mcufinder/images/boards/nucleo-f413zh_small.jpg
2024-12-18 11:07:32,882 [ERROR] DbBoards:189 - Image file not found for board NUCLEO-L552ZE-Q: E:\STM32\STM32CubeIDE_1.7.0\STM32CubeIDE\plugins\com.st.stm32cube.common.mx_6.3.0.202107141111\\db\/plugins/mcufinder/images/boards/nucleo_l552ze_q_small.jpg
2024-12-18 11:07:32,882 [ERROR] DbBoards:189 - Image file not found for board NUCLEO-U575ZI-Q: E:\STM32\STM32CubeIDE_1.7.0\STM32CubeIDE\plugins\com.st.stm32cube.common.mx_6.3.0.202107141111\\db\/plugins/mcufinder/images/boards/nucleo-u575zi-q_small.jpg
2024-12-18 11:07:32,883 [ERROR] DbBoards:189 - Image file not found for board NUCLEO-WB15CC: E:\STM32\STM32CubeIDE_1.7.0\STM32CubeIDE\plugins\com.st.stm32cube.common.mx_6.3.0.202107141111\\db\/plugins/mcufinder/images/boards/nucleo-wb15cc_small.jpg
2024-12-18 11:07:32,883 [ERROR] DbBoards:189 - Image file not found for board NUCLEO-WB55RG: E:\STM32\STM32CubeIDE_1.7.0\STM32CubeIDE\plugins\com.st.stm32cube.common.mx_6.3.0.202107141111\\db\/plugins/mcufinder/images/boards/nucleo-wb55rg_small.jpg
2024-12-18 11:07:33,755 [INFO] ApiDb:251 - Load user favorites file C:\Users\Administrator/.stm32cubeide/favorites.boards.txt: 0 item(s)
2024-12-18 11:07:33,756 [INFO] ApiDb:255 - User favorites Boards=[]
2024-12-18 11:07:33,756 [INFO] DbBoards:206 - Set 0 / 0 favorites Boards
2024-12-18 11:07:34,002 [INFO] ServerAccessManage:362 - Download File 
2024-12-18 11:07:34,053 [INFO] LoadUrlFilesThread:172 - End of LoadServerUrlFiles without Thread
2024-12-18 11:07:34,053 [INFO] TargetSelectorAdapter:224 - Refresh data is successful
2024-12-18 11:07:34,184 [INFO] ApiDb:479 - Connected to CubeFinder SQLite database (C:\Users\Administrator\.stmcufinder\plugins\mcufinder\mcu\cube-finder-db.db)
2024-12-18 11:07:34,992 [ERROR] DbExamplesSqlite:446 - Missing JSON key: board_cpn
2024-12-18 11:07:34,992 [ERROR] DbExamplesSqlite:446 - Missing JSON key: board_cpn
2024-12-18 11:07:34,992 [ERROR] DbExamplesSqlite:446 - Missing JSON key: board_cpn
2024-12-18 11:07:34,992 [ERROR] DbExamplesSqlite:446 - Missing JSON key: board_cpn
2024-12-18 11:07:35,139 [ERROR] DbExamplesSqlite:446 - Missing JSON key: board_cpn
2024-12-18 11:07:35,140 [ERROR] DbExamplesSqlite:446 - Missing JSON key: board_cpn
2024-12-18 11:07:35,140 [ERROR] DbExamplesSqlite:446 - Missing JSON key: board_cpn
2024-12-18 11:07:35,140 [ERROR] DbExamplesSqlite:446 - Missing JSON key: board_cpn
2024-12-18 11:07:35,140 [ERROR] DbExamplesSqlite:446 - Missing JSON key: board_cpn
2024-12-18 11:07:35,140 [ERROR] DbExamplesSqlite:446 - Missing JSON key: board_cpn
2024-12-18 11:07:35,140 [ERROR] DbExamplesSqlite:446 - Missing JSON key: board_cpn
2024-12-18 11:07:35,140 [ERROR] DbExamplesSqlite:446 - Missing JSON key: board_cpn
2024-12-18 11:07:35,141 [ERROR] DbExamplesSqlite:446 - Missing JSON key: board_cpn
2024-12-18 11:07:35,254 [INFO] DbExamplesSqlite:411 - Ignored 77 examples not supported by CubeIDE
2024-12-18 11:07:35,254 [INFO] DbExamplesSqlite:412 - Found 10474 examples active
2024-12-18 11:07:35,254 [INFO] DbExamplesSqlite:413 - Found 0 examples obsolete
2024-12-18 11:07:35,254 [INFO] DbExamplesSqlite:414 - Found 0 examples under development
2024-12-18 11:07:35,256 [INFO] DbExamplesSqlite:415 - Found 43 examples not building
2024-12-18 11:07:35,317 [INFO] DbExamplesSqlite:108 - CubeFinder database Data Model version=2.1
2024-12-18 11:07:35,317 [INFO] DbExamplesSqlite:109 - CubeFinder database Configuration version=3.0.39
2024-12-18 11:07:35,317 [INFO] DbExamplesSqlite:110 - CubeFinder database generation date=2024-11-21 (1732182206)
2024-12-18 11:07:35,317 [INFO] DbExamplesSqlite:111 - CubeFinder database FW Pack versions=[FP-ATR-ASTRA1_V2.0.0, FP-SNS-FLIGHT1_V5.0.2, FP-SNS-MOTENV1_V5.0.0, FP-SNS-MOTENVWB1_V1.4.0, FP-SNS-SMARTAG2_V1.2.0, FP-SNS-STBOX1_V2.0.0, STM32Cube_FW_C0_V1.3.0, STM32Cube_FW_F4_V1.28.1, STM32Cube_FW_F7_V1.17.2, STM32Cube_FW_G0_V1.6.2, STM32Cube_FW_G4_V1.6.1, STM32Cube_FW_H5_V1.4.0, STM32Cube_FW_H7RS_V1.1.0, STM32Cube_FW_H7_V1.12.0, STM32Cube_FW_L0_V1.12.2, STM32Cube_FW_L4_V1.18.1, STM32Cube_FW_L5_V1.5.1, STM32Cube_FW_N6_V1.0.0, STM32Cube_FW_U0_V1.2.0, STM32Cube_FW_U3_V1.0.0, STM32Cube_FW_U5_V1.7.0, STM32Cube_FW_WB0_V1.1.0, STM32Cube_FW_WBA_V1.5.0, STM32Cube_FW_WB_V1.21.0, STM32Cube_FW_WL3_V1.0.0, STM32Cube_FW_WL_V1.3.0, X-CUBE-ALGOBUILD_V1.4.0, X-CUBE-ALS_V1.0.2, X-CUBE-AZRTOS-F4_V1.1.0, X-CUBE-AZRTOS-F7_V1.1.0, X-CUBE-AZRTOS-G0_V1.1.0, X-CUBE-AZRTOS-G4_V2.0.0, X-CUBE-AZRTOS-H7RS_V1.0.0, X-CUBE-AZRTOS-H7_V3.3.0, X-CUBE-AZRTOS-L4_V2.0.0, X-CUBE-AZRTOS-L5_V2.0.0, X-CUBE-AZRTOS-WB_V2.0.0, X-CUBE-AZRTOS-WL_V2.0.0, X-CUBE-BLE1_V7.0.0, X-CUBE-BLE2_V3.3.0, X-CUBE-BLEMGR_V3.1.0, X-CUBE-EEPRMA1_V5.1.0, X-CUBE-FREERTOS_V1.2.0, X-CUBE-GNSS1_V6.0.0, X-CUBE-MEMS1_V11.0.0, X-CUBE-NFC4_V3.0.0, X-CUBE-NFC7_V1.0.1, X-CUBE-SFXS2LP1_V4.0.0, X-CUBE-SUBG2_V5.0.0, X-CUBE-TOF1_V3.4.2]
2024-12-18 11:07:35,318 [INFO] DbExamples:130 - Found 10440 examples
2024-12-18 11:07:36,273 [ERROR] DbExamples:206 - Found 10440 examples with invalid data (board or MCU)
2024-12-18 11:07:36,273 [INFO] DbExamples:222 - Found 96 boards with related examples
2024-12-18 11:07:36,273 [INFO] DbExamples:235 - Found 0 MCUs with related examples
2024-12-18 11:07:36,298 [INFO] ApiDb:251 - Load user favorites file C:\Users\Administrator/.stm32cubeide/favorites.examples.txt: 0 item(s)
2024-12-18 11:07:36,298 [INFO] ApiDb:255 - User favorites Examples=[]
2024-12-18 11:07:36,298 [INFO] DbExamples:256 - Set 0 / 0 favorites Examples
2024-12-18 11:07:36,522 [INFO] McuFinderGlobals:52 - Set McuFinderConnectedMode to false
2024-12-18 11:07:36,644 [INFO] CrossSelectorPresenter:1330 - Cross Selector saved comparison directory: C:\Users\Administrator\.stmcufinder\plugins\mcufinder\mcu\cs_comparisons_mx
2024-12-18 11:07:36,653 [INFO] MultiScanPanel:197 - Auto-refresh data requested => check proxy status ongoing
2024-12-18 11:07:36,653 [INFO] MultiScanPanel:201 - Proxy status is invalid
2024-12-18 11:07:36,657 [INFO] FinderPluginLoader:87 - Searching for filters in installed packs
2024-12-18 11:07:37,286 [INFO] DetailPanel:309 - Set advertising image to C:/Users/Administrator/STM32Cube/Repository/\en.prom-stm32n6-mcu-finder.png
2024-12-18 11:07:58,365 [INFO] MainUpdater:2671 - connection check result : 10
2024-12-18 11:07:58,366 [INFO] MainUpdater:2671 - connection check result : 10
2024-12-18 11:07:58,444 [INFO] MicroXplorer:448 - Change Database Path : 
2024-12-18 11:07:58,444 [INFO] MicroXplorer:478 - Change Database Version : DB.6.0.30
2024-12-18 11:07:58,445 [WARN] ThirdParty:813 - waiting for thirdparty lock release [close project]
2024-12-18 11:07:58,445 [INFO] ThirdParty:815 - entering critical section [close project]
2024-12-18 11:07:58,445 [INFO] ThirdParty:825 - exiting critical section [close project]
2024-12-18 11:07:58,450 [INFO] PinOutPanel:1463 - setPackage(No Configuration,No Configuration)
2024-12-18 11:07:58,451 [INFO] UtilMem:74 - Begin LoadConfig() Used Memory: 680831240 Bytes (901775360)
2024-12-18 11:07:58,452 [INFO] MicroXplorer:448 - Change Database Path : 
2024-12-18 11:07:58,452 [INFO] MicroXplorer:478 - Change Database Version : DB.6.0.30
2024-12-18 11:07:58,452 [INFO] OpenFileManager:313 - Change cursor
2024-12-18 11:07:59,737 [INFO] Context:592 - Trying to add GPIOservice into a context  which must be forbidden
2024-12-18 11:08:00,089 [WARN] ApiManager:304 - Cannot register API 'Board Extension:NFC09A1' from pack STMicroelectronics.X-CUBE-NFC9.1.0.0: no header file found
2024-12-18 11:08:00,091 [WARN] ApiManager:304 - Cannot register API 'Board Extension:GNSS1A1' from pack STMicroelectronics.X-CUBE-GNSS1.6.0.0: no header file found
2024-12-18 11:08:00,092 [WARN] ApiManager:304 - Cannot register API 'Board Support:Custom' from pack STMicroelectronics.X-CUBE-GNSS1.6.0.0: no header file found
2024-12-18 11:08:00,092 [WARN] ApiManager:304 - Cannot register API 'Data Exchange:lib_gnss' from pack STMicroelectronics.X-CUBE-GNSS1.6.0.0: no header file found
2024-12-18 11:08:00,110 [WARN] ApiManager:304 - Cannot register API 'Board Extension:NFC10A1' from pack STMicroelectronics.X-CUBE-NFC10.1.0.0: no header file found
2024-12-18 11:08:00,111 [WARN] ApiManager:304 - Cannot register API 'Wireless:STM32WB05N' from pack STMicroelectronics.X-CUBE-WB05N.1.1.0: no header file found
2024-12-18 11:08:00,116 [WARN] ModelIntegratedComponent:60 - No mode defined for component null
2024-12-18 11:08:00,116 [WARN] ModelIntegratedComponent:60 - No mode defined for component null
2024-12-18 11:08:00,116 [WARN] ModelIntegratedComponent:60 - No mode defined for component null
2024-12-18 11:08:00,117 [WARN] ModelIntegratedComponent:60 - No mode defined for component null
2024-12-18 11:08:00,117 [WARN] ModelIntegratedComponent:60 - No mode defined for component null
2024-12-18 11:08:00,117 [WARN] ModelIntegratedComponent:60 - No mode defined for component null
2024-12-18 11:08:00,117 [WARN] ModelIntegratedComponent:60 - No mode defined for component null
2024-12-18 11:08:00,117 [WARN] ModelIntegratedComponent:60 - No mode defined for component null
2024-12-18 11:08:00,117 [WARN] ModelIntegratedComponent:60 - No mode defined for component null
2024-12-18 11:08:00,117 [WARN] ModelIntegratedComponent:60 - No mode defined for component null
2024-12-18 11:08:00,117 [WARN] ModelIntegratedComponent:60 - No mode defined for component null
2024-12-18 11:08:00,117 [WARN] ModelIntegratedComponent:60 - No mode defined for component null
2024-12-18 11:08:00,117 [WARN] ModelIntegratedComponent:60 - No mode defined for component null
2024-12-18 11:08:00,117 [WARN] ModelIntegratedComponent:60 - No mode defined for component null
2024-12-18 11:08:00,117 [WARN] ModelIntegratedComponent:60 - No mode defined for component null
2024-12-18 11:08:00,117 [WARN] ModelIntegratedComponent:60 - No mode defined for component null
2024-12-18 11:08:00,117 [WARN] ModelIntegratedComponent:60 - No mode defined for component null
2024-12-18 11:08:00,117 [WARN] ModelIntegratedComponent:60 - No mode defined for component null
2024-12-18 11:08:00,117 [WARN] ModelIntegratedComponent:60 - No mode defined for component null
2024-12-18 11:08:00,118 [WARN] ModelIntegratedComponent:60 - No mode defined for component null
2024-12-18 11:08:00,118 [WARN] ModelIntegratedComponent:60 - No mode defined for component null
2024-12-18 11:08:00,118 [WARN] ModelIntegratedComponent:60 - No mode defined for component null
2024-12-18 11:08:00,118 [WARN] ModelIntegratedComponent:60 - No mode defined for component null
2024-12-18 11:08:00,118 [WARN] ModelIntegratedComponent:60 - No mode defined for component null
2024-12-18 11:08:00,118 [WARN] ModelIntegratedComponent:60 - No mode defined for component null
2024-12-18 11:08:00,118 [WARN] ModelIntegratedComponent:60 - No mode defined for component null
2024-12-18 11:08:00,118 [WARN] ModelIntegratedComponent:60 - No mode defined for component null
2024-12-18 11:08:00,118 [WARN] ModelIntegratedComponent:60 - No mode defined for component null
2024-12-18 11:08:00,118 [WARN] ModelIntegratedComponent:60 - No mode defined for component null
2024-12-18 11:08:00,118 [WARN] ModelIntegratedComponent:60 - No mode defined for component null
2024-12-18 11:08:00,118 [WARN] ModelIntegratedComponent:60 - No mode defined for component null
2024-12-18 11:08:00,120 [WARN] ApiManager:304 - Cannot register API 'Board Extension:GNSS1A1' from pack STMicroelectronics.X-CUBE-GNSS1.7.0.0: no header file found
2024-12-18 11:08:00,120 [WARN] ApiManager:304 - Cannot register API 'Board Support:Custom' from pack STMicroelectronics.X-CUBE-GNSS1.7.0.0: no header file found
2024-12-18 11:08:00,120 [WARN] ApiManager:304 - Cannot register API 'Data Exchange:lib_gnss' from pack STMicroelectronics.X-CUBE-GNSS1.7.0.0: no header file found
2024-12-18 11:08:00,121 [WARN] ApiManager:304 - Cannot register API 'Board Extension:GNSS1A1' from pack STMicroelectronics.X-CUBE-GNSS1.7.0.1: no header file found
2024-12-18 11:08:00,121 [WARN] ApiManager:304 - Cannot register API 'Board Support:Custom' from pack STMicroelectronics.X-CUBE-GNSS1.7.0.1: no header file found
2024-12-18 11:08:00,121 [WARN] ApiManager:304 - Cannot register API 'Data Exchange:lib_gnss' from pack STMicroelectronics.X-CUBE-GNSS1.7.0.1: no header file found
2024-12-18 11:08:00,301 [WARN] ApiManager:304 - Cannot register API 'Board Extension:IKS01A3' from pack STMicroelectronics.X-CUBE-MEMS1.11.1.0: no header file found
2024-12-18 11:08:00,301 [WARN] ApiManager:304 - Cannot register API 'Board Extension:IKS02A1' from pack STMicroelectronics.X-CUBE-MEMS1.11.1.0: no header file found
2024-12-18 11:08:00,301 [WARN] ApiManager:304 - Cannot register API 'Board Extension:IKS4A1' from pack STMicroelectronics.X-CUBE-MEMS1.11.1.0: no header file found
2024-12-18 11:08:00,523 [WARN] ApiManager:304 - Cannot register API 'Board Extension:IKS01A3' from pack STMicroelectronics.X-CUBE-MEMS1.11.0.0: no header file found
2024-12-18 11:08:00,524 [WARN] ApiManager:304 - Cannot register API 'Board Extension:IKS02A1' from pack STMicroelectronics.X-CUBE-MEMS1.11.0.0: no header file found
2024-12-18 11:08:00,524 [WARN] ApiManager:304 - Cannot register API 'Board Extension:IKS4A1' from pack STMicroelectronics.X-CUBE-MEMS1.11.0.0: no header file found
2024-12-18 11:08:00,534 [INFO] RtosManager:484 - Registered RTOS mode: class=CMSIS, group=RTOS, mode=CMSIS_V1, owner=FREERTOS
2024-12-18 11:08:00,535 [INFO] RtosManager:484 - Registered RTOS mode: class=CMSIS, group=RTOS2, mode=CMSIS_V2, owner=FREERTOS
2024-12-18 11:08:00,535 [INFO] RtosManager:484 - Registered RTOS mode: class=RTOS, group=Core, mode=CMSIS_V1, owner=FREERTOS
2024-12-18 11:08:00,535 [INFO] RtosManager:484 - Registered RTOS mode: class=RTOS, group=Core, mode=CMSIS_V2, owner=FREERTOS
2024-12-18 11:08:00,536 [WARN] ModelIntegratedComponent:181 - Missing modes for component STMicroelectronics:FreeRTOS:0.0.1:STMicroelectronics:RTOS:FreeRTOS:Core:::10.2.0:
2024-12-18 11:08:01,114 [INFO] ImportTextPane:167 - (OptionalMessage_ERROR) IP (RCC) : Invalid parameter (FamilyName)
2024-12-18 11:08:01,115 [INFO] ImportTextPane:167 - (OptionalMessage_ERROR) IP (RCC) : Parameter (USBFreq_Value) has invalid value (8000000)
2024-12-18 11:08:01,332 [INFO] UtilMem:74 - End LoadConfig() Used Memory: 699439328 Bytes (901775360)
2024-12-18 11:08:01,345 [WARN] ThirdParty:779 - waiting for thirdparty lock release [change project]
2024-12-18 11:08:01,346 [INFO] ThirdParty:781 - entering critical section [change project]
2024-12-18 11:08:01,346 [INFO] ThirdParty:967 - CMSIS Pack Vendor :STMicroelectronics X-CUBE-NFC9 1.0.0
2024-12-18 11:08:01,346 [INFO] ThirdParty:967 - CMSIS Pack Vendor :STMicroelectronics X-CUBE-GNSS1 6.0.0
2024-12-18 11:08:01,346 [INFO] ThirdParty:967 - CMSIS Pack Vendor :STMicroelectronics USB_HOST 2.0.0
2024-12-18 11:08:01,346 [INFO] ThirdParty:967 - CMSIS Pack Vendor :STMicroelectronics FP-ATR-ASTRA1 2.0.1
2024-12-18 11:08:01,346 [INFO] ThirdParty:967 - CMSIS Pack Vendor :STMicroelectronics X-CUBE-NFC10 1.0.0
2024-12-18 11:08:01,346 [INFO] ThirdParty:967 - CMSIS Pack Vendor :STMicroelectronics X-CUBE-WB05N 1.1.0
2024-12-18 11:08:01,346 [INFO] ThirdParty:967 - CMSIS Pack Vendor :STMicroelectronics X-CUBE-ISPU 2.0.0
2024-12-18 11:08:01,346 [INFO] ThirdParty:967 - CMSIS Pack Vendor :STMicroelectronics USB_DEVICE 3.0.0
2024-12-18 11:08:01,346 [INFO] ThirdParty:967 - CMSIS Pack Vendor :STMicroelectronics X-CUBE-ISPU 2.1.0
2024-12-18 11:08:01,346 [INFO] ThirdParty:967 - CMSIS Pack Vendor :STMicroelectronics HAL Drivers 0.0.0
2024-12-18 11:08:01,346 [INFO] ThirdParty:967 - CMSIS Pack Vendor :STMicroelectronics MBEDTLS 2.16.2
2024-12-18 11:08:01,346 [INFO] ThirdParty:967 - CMSIS Pack Vendor :STMicroelectronics X-CUBE-GNSS1 7.0.0
2024-12-18 11:08:01,346 [INFO] ThirdParty:967 - CMSIS Pack Vendor :STMicroelectronics MBEDTLS 2.14.1
2024-12-18 11:08:01,346 [INFO] ThirdParty:967 - CMSIS Pack Vendor :STMicroelectronics X-CUBE-GNSS1 7.0.1
2024-12-18 11:08:01,346 [INFO] ThirdParty:967 - CMSIS Pack Vendor :STMicroelectronics X-CUBE-TOUCHGFX 4.24.0
2024-12-18 11:08:01,346 [INFO] ThirdParty:967 - CMSIS Pack Vendor :STMicroelectronics X-CUBE-TOUCHGFX 4.24.1
2024-12-18 11:08:01,346 [INFO] ThirdParty:967 - CMSIS Pack Vendor :STMicroelectronics USB_DEVICE 2.0.0
2024-12-18 11:08:01,346 [INFO] ThirdParty:967 - CMSIS Pack Vendor :STMicroelectronics X-CUBE-MEMS1 11.1.0
2024-12-18 11:08:01,346 [INFO] ThirdParty:967 - CMSIS Pack Vendor :STMicroelectronics X-CUBE-MEMS1 11.0.0
2024-12-18 11:08:01,346 [INFO] ThirdParty:967 - CMSIS Pack Vendor :STMicroelectronics FreeRTOS 0.0.1
2024-12-18 11:08:01,346 [INFO] ThirdParty:967 - CMSIS Pack Vendor :STMicroelectronics USB_DEVICE 1.0.0
2024-12-18 11:08:01,346 [INFO] ThirdParty:967 - CMSIS Pack Vendor :STMicroelectronics ThreadX 0.0.2
2024-12-18 11:08:01,346 [INFO] ThirdParty:967 - CMSIS Pack Vendor :WES I-CUBE-Cesium 1.3.0
2024-12-18 11:08:01,346 [INFO] ThirdParty:967 - CMSIS Pack Vendor :STMicroelectronics FP-ATR-ASTRA1 2.0.0
2024-12-18 11:08:01,346 [INFO] ThirdParty:967 - CMSIS Pack Vendor :STMicroelectronics lwIP 2.0.3
2024-12-18 11:08:01,346 [INFO] ThirdParty:967 - CMSIS Pack Vendor :STMicroelectronics lwIP 2.1.2
2024-12-18 11:08:01,346 [INFO] ThirdParty:967 - CMSIS Pack Vendor :STMicroelectronics USB_HOST 1.0.0
2024-12-18 11:08:01,346 [INFO] ThirdParty:967 - CMSIS Pack Vendor :STMicroelectronics X-CUBE-AI 9.1.0
2024-12-18 11:08:01,346 [INFO] ThirdParty:967 - CMSIS Pack Vendor :STMicroelectronics X-CUBE-AI 9.0.0
2024-12-18 11:08:01,346 [INFO] ThirdParty:967 - CMSIS Pack Vendor :STMicroelectronics PDM2PCM 3.1.0
2024-12-18 11:08:01,346 [INFO] ThirdParty:967 - CMSIS Pack Vendor :STMicroelectronics PDM2PCM 3.2.0
2024-12-18 11:08:01,346 [INFO] ThirdParty:967 - CMSIS Pack Vendor :STMicroelectronics PDM2PCM 3.3.0
2024-12-18 11:08:01,348 [INFO] ThirdParty:787 - exiting critical section [change project]
2024-12-18 11:08:01,620 [INFO] PinOutPanel:1463 - setPackage(No Configuration,No Configuration)
2024-12-18 11:08:01,622 [INFO] PinOutPanel:1463 - setPackage(STM32F103RBTx,LQFP64)
2024-12-18 11:08:02,058 [INFO] UtilMem:74 - Before build in PCC Used Memory: 700575360 Bytes (901775360)
2024-12-18 11:08:02,836 [INFO] UtilMem:74 - After build in PCC Used Memory: 723675320 Bytes (901775360)
2024-12-18 11:08:02,863 [INFO] IPUIPlugin:74 - create IPUIPlugin
2024-12-18 11:08:02,863 [INFO] IPUIPlugin:74 - create IPUIPlugin
2024-12-18 11:08:02,863 [INFO] IPUIPlugin:74 - create IPUIPlugin
2024-12-18 11:08:02,864 [INFO] IPUIPlugin:74 - create IPUIPlugin
2024-12-18 11:08:02,864 [INFO] IPUIPlugin:74 - create IPUIPlugin
2024-12-18 11:08:02,864 [INFO] IPUIPlugin:74 - create IPUIPlugin
2024-12-18 11:08:02,864 [INFO] IPUIPlugin:74 - create IPUIPlugin
2024-12-18 11:08:02,864 [INFO] IPUIPlugin:74 - create IPUIPlugin
2024-12-18 11:08:02,864 [INFO] IPUIPlugin:74 - create IPUIPlugin
2024-12-18 11:08:02,864 [INFO] IPUIPlugin:74 - create IPUIPlugin
2024-12-18 11:08:02,865 [INFO] IPUIPlugin:74 - create IPUIPlugin
2024-12-18 11:08:02,865 [INFO] IPUIPlugin:74 - create IPUIPlugin
2024-12-18 11:08:02,865 [INFO] IPUIPlugin:74 - create IPUIPlugin
2024-12-18 11:08:02,866 [INFO] IPUIPlugin:74 - create IPUIPlugin
2024-12-18 11:08:02,866 [INFO] IPUIPlugin:74 - create IPUIPlugin
2024-12-18 11:08:02,866 [INFO] IPUIPlugin:74 - create IPUIPlugin
2024-12-18 11:08:02,866 [INFO] IPUIPlugin:74 - create IPUIPlugin
2024-12-18 11:08:02,866 [INFO] IPUIPlugin:74 - create IPUIPlugin
2024-12-18 11:08:02,866 [INFO] IPUIPlugin:74 - create IPUIPlugin
2024-12-18 11:08:02,867 [INFO] IPUIPlugin:74 - create IPUIPlugin
2024-12-18 11:08:02,867 [INFO] IPUIPlugin:74 - create IPUIPlugin
2024-12-18 11:08:02,867 [INFO] IPUIPlugin:74 - create IPUIPlugin
2024-12-18 11:08:02,868 [INFO] IPUIPlugin:74 - create IPUIPlugin
2024-12-18 11:08:02,868 [INFO] IPUIPlugin:74 - create IPUIPlugin
2024-12-18 11:08:02,868 [INFO] IPUIPlugin:74 - create IPUIPlugin
2024-12-18 11:08:02,869 [INFO] IPUIPlugin:74 - create IPUIPlugin
2024-12-18 11:08:02,869 [INFO] IPUIPlugin:74 - create IPUIPlugin
2024-12-18 11:08:02,884 [WARN] IP:2125 - I2C_Coeff_DF not found: check if there is a RefParameter without a condition.
2024-12-18 11:08:02,886 [WARN] IP:2125 - Analog_Filter not found: check if there is a RefParameter without a condition.
2024-12-18 11:08:03,032 [INFO] OpenFileManager:333 - Restore cursor
2024-12-18 11:08:03,096 [WARN] IP:2125 - I2C_Coeff_DF not found: check if there is a RefParameter without a condition.
2024-12-18 11:08:03,096 [WARN] IP:2125 - Analog_Filter not found: check if there is a RefParameter without a condition.
2024-12-18 11:08:03,097 [WARN] IP:2125 - I2C_Coeff_DF not found: check if there is a RefParameter without a condition.
2024-12-18 11:08:03,097 [WARN] IP:2125 - Analog_Filter not found: check if there is a RefParameter without a condition.
2024-12-18 11:08:03,409 [INFO] UtilMem:74 - End SaveConfig() Used Memory: 725472992 Bytes (901775360)
2024-12-18 11:08:03,474 [INFO] UtilMem:74 - End SaveConfig() Used Memory: 739080160 Bytes (901775360)
2024-12-18 11:08:03,742 [INFO] BlockDiagram:2740 - set Specific Code input for plugin: NVIC
2024-12-18 11:08:03,742 [INFO] BlockDiagram:2740 - set Specific Code input for plugin: USART
2024-12-18 11:08:03,742 [INFO] BlockDiagram:2740 - set Specific Code input for plugin: TIM1_8F1
2024-12-18 11:08:03,742 [INFO] BlockDiagram:2740 - set Specific Code input for plugin: SYS
2024-12-18 11:08:03,742 [INFO] BlockDiagram:2740 - set Specific Code input for plugin: GPIO
2024-12-18 11:08:03,743 [INFO] BlockDiagram:2740 - set Specific Code input for plugin: RCC
2024-12-18 11:08:03,743 [INFO] BlockDiagram:2740 - set Specific Code input for plugin: I2C
2024-12-18 11:08:03,744 [INFO] CodeGenerator:663 - code generatio: config db path: E:\STM32\STM32CubeIDE_1.7.0\STM32CubeIDE\plugins\com.st.stm32cube.common.mx_6.3.0.202107141111\\db\
2024-12-18 11:08:03,750 [WARN] IP:2125 - I2C_Coeff_DF not found: check if there is a RefParameter without a condition.
2024-12-18 11:08:03,751 [WARN] IP:2125 - Analog_Filter not found: check if there is a RefParameter without a condition.
2024-12-18 11:08:04,201 [INFO] CodeEngine:239 - oldGeneratedFile, E:\BTL_VXL\TRAFFIC LIGHT\MXTmpFiles\license.tmp_save
2024-12-18 11:08:04,588 [INFO] CodeEngine:257 - Generated code: E:\BTL_VXL\TRAFFIC LIGHT\MXTmpFiles\license.tmp
2024-12-18 11:08:04,749 [INFO] CodeEngine:239 - oldGeneratedFile, E:\BTL_VXL\TRAFFIC LIGHT\MXTmpFiles\gpio.tmp_save
2024-12-18 11:08:04,846 [INFO] CodeEngine:257 - Generated code: E:\BTL_VXL\TRAFFIC LIGHT\MXTmpFiles\gpio.tmp
2024-12-18 11:08:04,880 [ERROR] IPConfigManager:1513 - ERROR: the RefConfig I2C_Analogue is not available in your config.xml file
2024-12-18 11:08:04,881 [ERROR] IPConfigManager:1513 - ERROR: the RefConfig I2C_DigitalFolter is not available in your config.xml file
2024-12-18 11:08:05,258 [INFO] CodeEngine:239 - oldGeneratedFile, E:\BTL_VXL\TRAFFIC LIGHT\Core\Src\stm32f1xx_it.c_save
2024-12-18 11:08:05,407 [INFO] CodeEngine:257 - Generated code: E:\BTL_VXL\TRAFFIC LIGHT\Core\Src\stm32f1xx_it.c
2024-12-18 11:08:05,422 [INFO] CodeEngine:239 - oldGeneratedFile, E:\BTL_VXL\TRAFFIC LIGHT\Core\Inc\stm32f1xx_it.h_save
2024-12-18 11:08:05,546 [INFO] CodeEngine:257 - Generated code: E:\BTL_VXL\TRAFFIC LIGHT\Core\Inc\stm32f1xx_it.h
2024-12-18 11:08:05,574 [INFO] CodeEngine:239 - oldGeneratedFile, E:\BTL_VXL\TRAFFIC LIGHT\Core\Src\stm32f1xx_hal_msp.c_save
2024-12-18 11:08:05,729 [INFO] CodeEngine:257 - Generated code: E:\BTL_VXL\TRAFFIC LIGHT\Core\Src\stm32f1xx_hal_msp.c
2024-12-18 11:08:05,740 [INFO] CodeEngine:239 - oldGeneratedFile, E:\BTL_VXL\TRAFFIC LIGHT\MXTmpFiles\system.tmp_save
2024-12-18 11:08:05,826 [INFO] CodeEngine:257 - Generated code: E:\BTL_VXL\TRAFFIC LIGHT\MXTmpFiles\system.tmp
2024-12-18 11:08:05,843 [INFO] CodeEngine:239 - oldGeneratedFile, E:\BTL_VXL\TRAFFIC LIGHT\Core\Inc\stm32f1xx_hal_conf.h_save
2024-12-18 11:08:05,946 [INFO] CodeEngine:257 - Generated code: E:\BTL_VXL\TRAFFIC LIGHT\Core\Inc\stm32f1xx_hal_conf.h
2024-12-18 11:08:05,981 [WARN] IPConfigManager:3148 - IP not found : TIM
2024-12-18 11:08:05,982 [WARN] CodeGenerator:3268 - IP not found : null
2024-12-18 11:08:05,999 [INFO] CodeEngine:239 - oldGeneratedFile, E:\BTL_VXL\TRAFFIC LIGHT\Core\Inc\main.h_save
2024-12-18 11:08:06,120 [INFO] CodeEngine:257 - Generated code: E:\BTL_VXL\TRAFFIC LIGHT\Core\Inc\main.h
2024-12-18 11:08:06,133 [INFO] CodeEngine:239 - oldGeneratedFile, E:\BTL_VXL\TRAFFIC LIGHT\Core\Src\main.c_save
2024-12-18 11:08:06,322 [INFO] CodeEngine:257 - Generated code: E:\BTL_VXL\TRAFFIC LIGHT\Core\Src\main.c
2024-12-18 11:08:07,302 [INFO] ProjectBuilder:2578 - Time for Copy HAL[1] : 110mS.
2024-12-18 11:08:07,308 [INFO] ProjectBuilder:3622 - Project Generator version: 3.14.1
2024-12-18 11:08:07,858 [INFO] ConfigFileManager:1271 - The Die is : DIE410
2024-12-18 11:08:07,924 [INFO] ApiDbMcu:468 - Load IP Config File for FATFS
2024-12-18 11:08:07,961 [INFO] ApiDbMcu:468 - Load IP Config File for FREERTOS
2024-12-18 11:08:07,998 [INFO] ApiDbMcu:468 - Load IP Config File for USB_DEVICE
2024-12-18 11:08:13,660 [INFO] ProjectBuilder:3789 - Time for Generating toolchain IDE Files: 6352mS.
2024-12-18 11:08:13,662 [INFO] ProjectBuilder:2457 - Time for Copy CMSIS : 1mS.
2024-12-18 11:08:13,664 [INFO] ProjectBuilder:2457 - Time for Copy CMSIS : 0mS.
2024-12-18 11:08:14,469 [INFO] McuFinderGlobals:52 - Set McuFinderConnectedMode to true
2024-12-18 11:08:14,474 [INFO] ApiDb:276 - Save user favorites file C:\Users\Administrator/.stm32cubeide/favorites.mcus.txt: 0 item(s)
2024-12-18 11:08:14,474 [INFO] ApiDb:280 - User favorites MCUs=[]
2024-12-18 11:08:15,217 [INFO] McuFinderGlobals:52 - Set McuFinderConnectedMode to false
2024-12-18 11:08:15,234 [INFO] CrossSelectorPresenter:1330 - Cross Selector saved comparison directory: C:\Users\Administrator\.stmcufinder\plugins\mcufinder\mcu\cs_comparisons_mx
2024-12-18 11:08:15,236 [INFO] MultiScanPanel:197 - Auto-refresh data requested => check proxy status ongoing
2024-12-18 11:08:15,236 [INFO] MultiScanPanel:201 - Proxy status is invalid
2024-12-18 11:08:15,236 [INFO] FinderPluginLoader:87 - Searching for filters in installed packs
2024-12-18 11:08:15,658 [INFO] DetailPanel:309 - Set advertising image to C:/Users/Administrator/STM32Cube/Repository/\en.prom-stm32n6-mcu-finder.png
